<?xml version="1.0" encoding="UTF-8"?>
<robot generator="Robot 6.0.1 (Python 3.10.5 on win32)" generated="20230327 15:49:36.606" rpa="false" schemaversion="3">
<suite id="s1" name="Login" source="C:\automacao_Global-Portal ISS\suites\testcases\login.robot">
<kw name="abrir site" type="SETUP">
<msg timestamp="20230327 15:49:36.624" level="FAIL">No keyword with name 'abrir site' found.</msg>
<status status="FAIL" starttime="20230327 15:49:36.624" endtime="20230327 15:49:36.626"/>
</kw>
<test id="s1-t1" name="Cenário 1: Realizar Login no Portal de Faturamento" line="9">
<tag>1</tag>
<tag>smoke</tag>
<status status="FAIL" starttime="20230327 15:49:36.626" endtime="20230327 15:49:36.626">Parent suite setup failed:
No keyword with name 'abrir site' found.</status>
</test>
<kw name="fechar navegador" type="TEARDOWN">
<msg timestamp="20230327 15:49:36.629" level="FAIL">No keyword with name 'fechar navegador' found.</msg>
<status status="FAIL" starttime="20230327 15:49:36.629" endtime="20230327 15:49:36.629">No keyword with name 'fechar navegador' found.</status>
</kw>
<status status="FAIL" starttime="20230327 15:49:36.608" endtime="20230327 15:49:36.629">Suite setup failed:
No keyword with name 'abrir site' found.

Also suite teardown failed:
No keyword with name 'fechar navegador' found.</status>
</suite>
<statistics>
<total>
<stat pass="0" fail="1" skip="0">All Tests</stat>
</total>
<tag>
<stat pass="0" fail="1" skip="0">1</stat>
<stat pass="0" fail="1" skip="0">smoke</stat>
</tag>
<suite>
<stat pass="0" fail="1" skip="0" id="s1" name="Login">Login</stat>
</suite>
</statistics>
<errors>
<msg timestamp="20230327 15:49:36.621" level="ERROR">Error in file 'C:\automacao_Global-Portal ISS\suites\testcases\login.robot' on line 2: Resource file 'C:\automacao_Global-Portal ISS\suites\resources\main.robot' does not exist.</msg>
</errors>
</robot>
